0 info it worked if it ends with ok
1 verbose cli [ '/usr/bin/node', '/usr/bin/npm', 'run', 'eslint' ]
2 info using npm@3.5.2
3 info using node@v8.10.0
4 verbose run-script [ 'preeslint', 'eslint', 'posteslint' ]
5 info lifecycle larabbs@0.0.2~preeslint: larabbs@0.0.2
6 silly lifecycle larabbs@0.0.2~preeslint: no script for preeslint, continuing
7 info lifecycle larabbs@0.0.2~eslint: larabbs@0.0.2
8 verbose lifecycle larabbs@0.0.2~eslint: unsafe-perm in lifecycle true
9 verbose lifecycle larabbs@0.0.2~eslint: PATH: /usr/share/npm/bin/node-gyp-bin:/mnt/d/wsl_www/larabbs-weapp/node_modules/.bin:/usr/local/sbin:/usr/local/bin:/usr/sbin:/usr/bin:/sbin:/bin:/usr/games:/usr/local/games
10 verbose lifecycle larabbs@0.0.2~eslint: CWD: /mnt/d/wsl_www/larabbs-weapp
11 silly lifecycle larabbs@0.0.2~eslint: Args: [ '-c', 'eslint --fix --ext .js,.wpy src' ]
12 silly lifecycle larabbs@0.0.2~eslint: Returned: code: 1  signal: null
13 info lifecycle larabbs@0.0.2~eslint: Failed to exec eslint script
14 verbose stack Error: larabbs@0.0.2 eslint: `eslint --fix --ext .js,.wpy src`
14 verbose stack Exit status 1
14 verbose stack     at EventEmitter.<anonymous> (/usr/share/npm/lib/utils/lifecycle.js:232:16)
14 verbose stack     at emitTwo (events.js:126:13)
14 verbose stack     at EventEmitter.emit (events.js:214:7)
14 verbose stack     at ChildProcess.<anonymous> (/usr/share/npm/lib/utils/spawn.js:24:14)
14 verbose stack     at emitTwo (events.js:126:13)
14 verbose stack     at ChildProcess.emit (events.js:214:7)
14 verbose stack     at maybeClose (internal/child_process.js:925:16)
14 verbose stack     at Process.ChildProcess._handle.onexit (internal/child_process.js:209:5)
15 verbose pkgid larabbs@0.0.2
16 verbose cwd /mnt/d/wsl_www/larabbs-weapp
17 error Linux 4.4.0-18362-Microsoft
18 error argv "/usr/bin/node" "/usr/bin/npm" "run" "eslint"
19 error node v8.10.0
20 error npm  v3.5.2
21 error code ELIFECYCLE
22 error larabbs@0.0.2 eslint: `eslint --fix --ext .js,.wpy src`
22 error Exit status 1
23 error Failed at the larabbs@0.0.2 eslint script 'eslint --fix --ext .js,.wpy src'.
23 error Make sure you have the latest version of node.js and npm installed.
23 error If you do, this is most likely a problem with the larabbs package,
23 error not with npm itself.
23 error Tell the author that this fails on your system:
23 error     eslint --fix --ext .js,.wpy src
23 error You can get information on how to open an issue for this project with:
23 error     npm bugs larabbs
23 error Or if that isn't available, you can get their info via:
23 error     npm owner ls larabbs
23 error There is likely additional logging output above.
24 verbose exit [ 1, true ]
